2025-03-05 14:39:55.986 | DEBUG    | __main__:_generate_synthetic_data:47 - Generated synthetic data with 1827 records
2025-03-05 14:39:55.987 | INFO     | __main__:__init__:30 - Initialised TemperatureForecaster with config from /Users/mjboothaus/code/github/databooth/power-pole/skforecast_eg.toml
2025-03-05 14:39:55.989 | INFO     | __main__:split_data:60 - Split data at 2023-07-01. Train: 1278, Test: 550
2025-03-05 14:39:56.009 | INFO     | __main__:train_model:76 - Trained model with 30 lags on 1278 records
2025-03-05 14:39:56.030 | INFO     | __main__:make_predictions:91 - Made predictions for 550 steps
2025-03-05 14:39:56.030 | INFO     | __main__:evaluate_model:107 - Model evaluation RMSE: 4.96°C
2025-03-05 14:39:57.761 | INFO     | __main__:plot_results:144 - Plotted results using Plotly
2025-03-05 14:39:57.762 | INFO     | __main__:<module>:165 - Forecasting process completed
2025-03-05 14:41:07.442 | DEBUG    | __main__:_generate_synthetic_data:47 - Generated synthetic data with 1827 records
2025-03-05 14:41:07.442 | INFO     | __main__:__init__:30 - Initialised TemperatureForecaster with config from /Users/mjboothaus/code/github/databooth/power-pole/skforecast_eg.toml
2025-03-05 14:41:07.444 | INFO     | __main__:split_data:60 - Split data at 2023-07-01. Train: 1278, Test: 550
2025-03-05 14:41:07.454 | INFO     | __main__:train_model:76 - Trained model with 10 lags on 1278 records
2025-03-05 14:41:07.473 | INFO     | __main__:make_predictions:91 - Made predictions for 550 steps
2025-03-05 14:41:07.474 | INFO     | __main__:evaluate_model:107 - Model evaluation RMSE: 5.20°C
2025-03-05 14:41:08.153 | INFO     | __main__:plot_results:144 - Plotted results using Plotly
2025-03-05 14:41:08.155 | INFO     | __main__:<module>:165 - Forecasting process completed
2025-03-05 14:41:21.295 | DEBUG    | __main__:_generate_synthetic_data:47 - Generated synthetic data with 1827 records
2025-03-05 14:41:21.295 | INFO     | __main__:__init__:30 - Initialised TemperatureForecaster with config from /Users/mjboothaus/code/github/databooth/power-pole/skforecast_eg.toml
2025-03-05 14:41:21.297 | INFO     | __main__:split_data:60 - Split data at 2023-07-01. Train: 1278, Test: 550
2025-03-05 14:41:21.312 | INFO     | __main__:train_model:76 - Trained model with 60 lags on 1278 records
2025-03-05 14:41:21.332 | INFO     | __main__:make_predictions:91 - Made predictions for 550 steps
2025-03-05 14:41:21.332 | INFO     | __main__:evaluate_model:107 - Model evaluation RMSE: 2.73°C
2025-03-05 14:41:21.732 | INFO     | __main__:plot_results:144 - Plotted results using Plotly
2025-03-05 14:41:21.733 | INFO     | __main__:<module>:165 - Forecasting process completed
2025-03-05 14:43:44.538 | DEBUG    | __main__:_generate_synthetic_data:47 - Generated synthetic data with 1827 records
2025-03-05 14:43:44.538 | INFO     | __main__:__init__:30 - Initialised TemperatureForecaster with config from /Users/mjboothaus/code/github/databooth/power-pole/skforecast_eg.toml
2025-03-05 14:43:44.541 | INFO     | __main__:split_data:60 - Split data at 2023-07-01. Train: 1278, Test: 550
2025-03-05 14:43:44.552 | INFO     | __main__:train_model:76 - Trained model with 60 lags on 1278 records
2025-03-05 14:43:44.572 | INFO     | __main__:make_predictions:91 - Made predictions for 550 steps
2025-03-05 14:43:44.572 | INFO     | __main__:evaluate_model:107 - Model evaluation RMSE: 2.56°C
2025-03-05 14:43:45.056 | INFO     | __main__:plot_results:144 - Plotted results using Plotly
2025-03-05 14:43:45.057 | INFO     | __main__:<module>:165 - Forecasting process completed
2025-03-05 14:45:15.896 | DEBUG    | __main__:_generate_synthetic_data:47 - Generated synthetic data with 1827 records
2025-03-05 14:45:15.896 | INFO     | __main__:__init__:30 - Initialised TemperatureForecaster with config from /Users/mjboothaus/code/github/databooth/power-pole/skforecast_eg.toml
2025-03-05 14:45:15.900 | INFO     | __main__:split_data:60 - Split data at 2023-07-01. Train: 1278, Test: 550
2025-03-05 14:45:15.918 | INFO     | __main__:train_model:76 - Trained model with 60 lags on 1278 records
2025-03-05 14:45:15.940 | INFO     | __main__:make_predictions:91 - Made predictions for 550 steps
2025-03-05 14:45:15.941 | INFO     | __main__:evaluate_model:107 - Model evaluation RMSE: 2.85°C
2025-03-05 14:45:16.477 | INFO     | __main__:plot_results:144 - Plotted results using Plotly
2025-03-05 14:45:16.480 | INFO     | __main__:<module>:165 - Forecasting process completed
2025-03-05 14:45:28.427 | DEBUG    | __main__:_generate_synthetic_data:47 - Generated synthetic data with 1827 records
2025-03-05 14:45:28.427 | INFO     | __main__:__init__:30 - Initialised TemperatureForecaster with config from /Users/mjboothaus/code/github/databooth/power-pole/skforecast_eg.toml
2025-03-05 14:45:28.432 | INFO     | __main__:split_data:60 - Split data at 2023-07-01. Train: 1278, Test: 550
2025-03-05 14:45:28.449 | INFO     | __main__:train_model:76 - Trained model with 60 lags on 1278 records
2025-03-05 14:45:28.468 | INFO     | __main__:make_predictions:91 - Made predictions for 550 steps
2025-03-05 14:45:28.469 | INFO     | __main__:evaluate_model:107 - Model evaluation RMSE: 2.87°C
2025-03-05 14:45:28.914 | INFO     | __main__:plot_results:144 - Plotted results using Plotly
2025-03-05 14:45:28.914 | INFO     | __main__:<module>:165 - Forecasting process completed
